Mplus VERSION 7
MUTHEN & MUTHEN
03/07/2013   1:54 PM

INPUT INSTRUCTIONS

  TITLE:  STAR analysis

  DATA:
    FILE IS "C:\Dropbox\3_Teaching\SPSS2MplusDemo\data\starMplus.dat";

  VARIABLE:
    NAMES ARE childId	readk	read1	mathk	math1
    male	white other;
    USEVARIABLES ARE math1 mathk readk male other;
    MISSING ARE ALL (-99);
   categorical are male;

  Analysis: estimator = MLR;

   Model:
      male  ON mathk readk math1  other;
    math1; mathk; readk; male; other;


  OUTPUT: stdyx stdy;
  plot: type = plot1 plot2;

*** ERROR in MODEL command
  Variances for categorical outcomes can only be specified using
  PARAMETERIZATION=THETA with estimators WLS, WLSM, or WLSMV.
  Variance given for:  MALE


MUTHEN & MUTHEN
3463 Stoner Ave.
Los Angeles, CA  90066

Tel: (310) 391-9971
Fax: (310) 391-8971
Web: www.StatModel.com
Support: Support@StatModel.com

Copyright (c) 1998-2012 Muthen & Muthen
