Mplus VERSION 7
MUTHEN & MUTHEN
02/21/2013  11:11 AM

INPUT INSTRUCTIONS

  TITLE:  STAR analysis

  DATA:
    FILE IS "C:\Dropbox\3_Teaching\SPSS2MplusDemo\data\starMplus.dat";
   listwise = on;
  VARIABLE:
    NAMES ARE childId	readk	read1	mathk	math1
    male	white black other;
    USEVARIABLES ARE math1 mathk readk male other;
    MISSING ARE ALL (-99);

  Model:
    math1 ON mathk readk male other;

  OUTPUT: stdyx stdy;
  plot: type = plot1 plot2;



INPUT READING TERMINATED NORMALLY



STAR analysis

SUMMARY OF ANALYSIS

Number of groups                                                 1
Number of observations                                          18

Number of dependent variables                                    1
Number of independent variables                                  4
Number of continuous latent variables                            0

Observed dependent variables

  Continuous
   MATH1

Observed independent variables
   MATHK       READK       MALE        OTHER


Estimator                                                       ML
Information matrix                                        OBSERVED
Maximum number of iterations                                  1000
Convergence criterion                                    0.500D-04
Maximum number of steepest descent iterations                   20

Input data file(s)
  C:\Dropbox\3_Teaching\SPSS2MplusDemo\data\starMplus.dat

Input data format  FREE



     NO CONVERGENCE.  NUMBER OF ITERATIONS EXCEEDED.



MODEL RESULTS

                    Estimate

 MATH1    ON
    MATHK              0.610
    READK              0.657
    MALE              -0.918
    OTHER              0.000

 Intercepts
    MATH1            -31.405

 Residual Variances
    MATH1            567.094


MODEL COMMAND WITH FINAL ESTIMATES USED AS STARTING VALUES

     math1 ON mathk*0.61037;
     math1 ON readk*0.65722;
     math1 ON male*-0.91771;
     math1 ON other*-0.00012;

     [ math1*-31.40511 ];

     math1*567.09381;



DIAGRAM INFORMATION

  Use View Diagram under the Diagram menu in the Mplus Editor to view the diagram.
  If running Mplus from the Mplus Diagrammer, the diagram opens automatically.

  Diagram output
    c:\dropbox\3_teaching\mplusbasics\starregression\starregressionlw\starregressionlw.dgm

     Beginning Time:  11:11:46
        Ending Time:  11:11:46
       Elapsed Time:  00:00:00



MUTHEN & MUTHEN
3463 Stoner Ave.
Los Angeles, CA  90066

Tel: (310) 391-9971
Fax: (310) 391-8971
Web: www.StatModel.com
Support: Support@StatModel.com

Copyright (c) 1998-2012 Muthen & Muthen
